<?xml version="1.0" encoding="UTF-8"?>
<testng-results skipped="0" failed="0" ignored="0" total="1" passed="1">
  <reporter-output>
  </reporter-output>
  <suite name="Default suite" duration-ms="246035" started-at="2018-08-02T04:27:43Z" finished-at="2018-08-02T04:31:49Z">
    <groups>
    </groups>
    <test name="Default test" duration-ms="246035" started-at="2018-08-02T04:27:43Z" finished-at="2018-08-02T04:31:49Z">
      <class name="com.Test.Test1">
        <test-method status="PASS" signature="TestApplication()[pri:1, instance:com.Test.Test1@5d5eef3d]" name="TestApplication" duration-ms="245441" started-at="2018-08-02T09:57:43Z" description="Select webinar From Birst.com" finished-at="2018-08-02T10:01:48Z">
          <reporter-output>
          </reporter-output>
        </test-method> <!-- TestApplication -->
      </class> <!-- com.Test.Test1 -->
    </test> <!-- Default test -->
  </suite> <!-- Default suite -->
</testng-results>
